2026-05-04 12:08:11,758 - root - INFO - Loading data from csv file...
2026-05-04 12:08:11,760 - root - INFO - Successfully fetched 15 rows from CSV
2026-05-04 12:08:11,787 - root - INFO - Pipeline execution started.
2026-05-04 12:08:11,787 - root - INFO - Extracting data...
2026-05-04 12:08:11,788 - root - INFO - Successfully fetched 15 rows from CSV
2026-05-04 12:08:11,788 - root - INFO - Transforming data...
2026-05-04 12:08:11,788 - root - INFO - Transforming data started...
2026-05-04 12:08:11,795 - root - INFO - Transforming data completed.
2026-05-04 12:08:11,803 - root - INFO - Transforming data completed...
2026-05-04 12:08:11,803 - root - INFO - Loading data...
2026-05-04 12:08:11,896 - root - INFO - Data inserted successfully
2026-05-04 12:08:11,896 - root - INFO - Loading data completed...
2026-05-04 12:08:22,289 - root - INFO - Loading data from csv file...
2026-05-04 12:08:22,291 - root - INFO - Successfully fetched 15 rows from CSV
2026-05-04 12:08:22,315 - root - INFO - Pipeline execution started.
2026-05-04 12:08:22,315 - root - INFO - Extracting data...
2026-05-04 12:08:22,316 - root - INFO - Successfully fetched 15 rows from CSV
2026-05-04 12:08:22,316 - root - INFO - Transforming data...
2026-05-04 12:08:22,316 - root - INFO - Transforming data started...
2026-05-04 12:08:22,323 - root - INFO - Transforming data completed.
2026-05-04 12:08:22,331 - root - INFO - Transforming data completed...
2026-05-04 12:08:22,331 - root - INFO - Loading data...
2026-05-04 12:08:22,422 - root - INFO - Data inserted successfully
2026-05-04 12:08:22,422 - root - INFO - Loading data completed...
